<?xml version="1.0" encoding="UTF-8"?>
<testsuite name="com.test.UnitTest" tests="2" skipped="0" failures="0" errors="0" timestamp="2019-03-17T16:39:13" hostname="EPBYMINW0501.minsk.epam.com" time="0.01">
  <properties/>
  <testcase name="test" classname="com.test.UnitTest" time="0.008"/>
  <testcase name="testAppHasAGreeting" classname="com.test.UnitTest" time="0.001"/>
  <system-out><![CDATA[test
]]></system-out>
  <system-err><![CDATA[]]></system-err>
</testsuite>
